app/build/intermediates/manifest_merge_blame_file/debug/processDebugMainManifest/manifest-merger-blame-debug-report.txt
1<?xml version="1.0" encoding="utf-8"?>
2<manifest xmlns:android="http://schemas.android.com/apk/res/android"
3    package="com.example.group8_bartertrader"
4    android:versionCode="1"
5    android:versionName="1.0" >
6
7    <uses-sdk
8        android:minSdkVersion="30"
9        android:targetSdkVersion="35" />
10
11    <!-- Permissions -->
12    <uses-permission android:name="android.permission.ACCESS_FINE_LOCATION" />
12-->src/main/AndroidManifest.xml:6:5-79
12-->src/main/AndroidManifest.xml:6:22-76
13    <uses-permission android:name="android.permission.ACCESS_COARSE_LOCATION" />
13-->src/main/AndroidManifest.xml:7:5-81
13-->src/main/AndroidManifest.xml:7:22-78
14    <uses-permission android:name="android.permission.INTERNET" />
14-->src/main/AndroidManifest.xml:8:5-67
14-->src/main/AndroidManifest.xml:8:22-64
15    <uses-permission android:name="android.permission.ACCESS_NETWORK_STATE" />
15-->[com.google.firebase:firebase-auth:23.1.0] AndroidManifest.xml:26:5-79
15-->[com.google.firebase:firebase-auth:23.1.0] AndroidManifest.xml:26:22-76
16    <uses-permission android:name="com.google.android.providers.gsf.permission.READ_GSERVICES" />
16-->[com.google.android.recaptcha:recaptcha:18.5.1] AndroidManifest.xml:9:5-98
16-->[com.google.android.recaptcha:recaptcha:18.5.1] AndroidManifest.xml:9:22-95
17    <uses-permission android:name="android.permission.WAKE_LOCK" />
17-->[com.google.android.gms:play-services-measurement-api:22.2.0] AndroidManifest.xml:24:5-68
17-->[com.google.android.gms:play-services-measurement-api:22.2.0] AndroidManifest.xml:24:22-65
18    <uses-permission android:name="com.google.android.gms.permission.AD_ID" />
18-->[com.google.android.gms:play-services-measurement-api:22.2.0] AndroidManifest.xml:25:5-79
18-->[com.google.android.gms:play-services-measurement-api:22.2.0] AndroidManifest.xml:25:22-76
19    <uses-permission android:name="android.permission.ACCESS_ADSERVICES_ATTRIBUTION" />
19-->[com.google.android.gms:play-services-measurement-api:22.2.0] AndroidManifest.xml:26:5-88
19-->[com.google.android.gms:play-services-measurement-api:22.2.0] AndroidManifest.xml:26:22-85
20    <uses-permission android:name="android.permission.ACCESS_ADSERVICES_AD_ID" />
20-->[com.google.android.gms:play-services-measurement-api:22.2.0] AndroidManifest.xml:27:5-82
20-->[com.google.android.gms:play-services-measurement-api:22.2.0] AndroidManifest.xml:27:22-79
21    <uses-permission android:name="android.permission.REORDER_TASKS" />
21-->[androidx.test:core:1.6.1] AndroidManifest.xml:24:5-72
21-->[androidx.test:core:1.6.1] AndroidManifest.xml:24:22-69
22    <uses-permission android:name="com.google.android.finsky.permission.BIND_GET_INSTALL_REFERRER_SERVICE" />
22-->[com.google.android.gms:play-services-measurement:22.2.0] AndroidManifest.xml:26:5-110
22-->[com.google.android.gms:play-services-measurement:22.2.0] AndroidManifest.xml:26:22-107
23
24    <permission
24-->[androidx.core:core:1.13.0] AndroidManifest.xml:22:5-24:47
25        android:name="com.example.group8_bartertrader.DYNAMIC_RECEIVER_NOT_EXPORTED_PERMISSION"
25-->[androidx.core:core:1.13.0] AndroidManifest.xml:23:9-81
26        android:protectionLevel="signature" />
26-->[androidx.core:core:1.13.0] AndroidManifest.xml:24:9-44
27
28    <uses-permission android:name="com.example.group8_bartertrader.DYNAMIC_RECEIVER_NOT_EXPORTED_PERMISSION" />
28-->[androidx.core:core:1.13.0] AndroidManifest.xml:26:5-97
28-->[androidx.core:core:1.13.0] AndroidManifest.xml:26:22-94
29
30    <queries>
30-->[androidx.test:runner:1.6.1] AndroidManifest.xml:24:5-28:15
31        <package android:name="androidx.test.orchestrator" />
31-->[androidx.test:runner:1.6.1] AndroidManifest.xml:25:9-62
31-->[androidx.test:runner:1.6.1] AndroidManifest.xml:25:18-59
32        <package android:name="androidx.test.services" />
32-->[androidx.test:runner:1.6.1] AndroidManifest.xml:26:9-58
32-->[androidx.test:runner:1.6.1] AndroidManifest.xml:26:18-55
33        <package android:name="com.google.android.apps.common.testing.services" />
33-->[androidx.test:runner:1.6.1] AndroidManifest.xml:27:9-83
33-->[androidx.test:runner:1.6.1] AndroidManifest.xml:27:18-80
34    </queries>
35
36    <application
36-->src/main/AndroidManifest.xml:10:5-71:19
37        android:allowBackup="true"
37-->src/main/AndroidManifest.xml:11:9-35
38        android:appComponentFactory="androidx.core.app.CoreComponentFactory"
38-->[androidx.core:core:1.13.0] AndroidManifest.xml:28:18-86
39        android:dataExtractionRules="@xml/data_extraction_rules"
39-->src/main/AndroidManifest.xml:12:9-65
40        android:debuggable="true"
41        android:extractNativeLibs="false"
42        android:fullBackupContent="@xml/backup_rules"
42-->src/main/AndroidManifest.xml:13:9-54
43        android:icon="@mipmap/ic_launcher"
43-->src/main/AndroidManifest.xml:14:9-43
44        android:label="@string/app_name"
44-->src/main/AndroidManifest.xml:15:9-41
45        android:roundIcon="@mipmap/ic_launcher_round"
45-->src/main/AndroidManifest.xml:16:9-54
46        android:supportsRtl="true"
46-->src/main/AndroidManifest.xml:17:9-35
47        android:theme="@style/Theme.Group8_bartertrader" >
47-->src/main/AndroidManifest.xml:18:9-57
48
49        <!-- Activities -->
50        <activity
50-->src/main/AndroidManifest.xml:22:9-24:40
51            android:name="com.example.group8_bartertrader.ProductForm"
51-->src/main/AndroidManifest.xml:23:13-40
52            android:exported="false" />
52-->src/main/AndroidManifest.xml:24:13-37
53        <activity
53-->src/main/AndroidManifest.xml:26:9-28:39
54            android:name="com.example.group8_bartertrader.ConfirmationPage"
54-->src/main/AndroidManifest.xml:27:13-45
55            android:exported="true" />
55-->src/main/AndroidManifest.xml:28:13-36
56        <activity
56-->src/main/AndroidManifest.xml:30:9-32:40
57            android:name="com.example.group8_bartertrader.ReceiverDash"
57-->src/main/AndroidManifest.xml:31:13-41
58            android:exported="false" />
58-->src/main/AndroidManifest.xml:32:13-37
59        <activity
59-->src/main/AndroidManifest.xml:34:9-36:39
60            android:name="com.example.group8_bartertrader.ProviderDash"
60-->src/main/AndroidManifest.xml:35:13-41
61            android:exported="true" />
61-->src/main/AndroidManifest.xml:36:13-36
62        <activity
62-->src/main/AndroidManifest.xml:38:9-40:40
63            android:name="com.example.group8_bartertrader.LoginActivity"
63-->src/main/AndroidManifest.xml:39:13-42
64            android:exported="false" />
64-->src/main/AndroidManifest.xml:40:13-37
65        <activity
65-->src/main/AndroidManifest.xml:42:9-49:20
66            android:name="com.example.group8_bartertrader.RegistrationActivity"
66-->src/main/AndroidManifest.xml:43:13-49
67            android:exported="true" >
67-->src/main/AndroidManifest.xml:44:13-36
68            <intent-filter>
68-->src/main/AndroidManifest.xml:45:13-48:29
69                <action android:name="android.intent.action.MAIN" />
69-->src/main/AndroidManifest.xml:46:17-69
69-->src/main/AndroidManifest.xml:46:25-66
70
71                <category android:name="android.intent.category.LAUNCHER" />
71-->src/main/AndroidManifest.xml:47:17-77
71-->src/main/AndroidManifest.xml:47:27-74
72            </intent-filter>
73        </activity>
74        <activity
74-->src/main/AndroidManifest.xml:51:9-53:39
75            android:name="com.example.group8_bartertrader.MainActivity"
75-->src/main/AndroidManifest.xml:52:13-41
76            android:exported="true" />
76-->src/main/AndroidManifest.xml:53:13-36
77        <activity
77-->src/main/AndroidManifest.xml:55:9-57:39
78            android:name="com.example.group8_bartertrader.SettingsActivity"
78-->src/main/AndroidManifest.xml:56:13-45
79            android:exported="true" />
79-->src/main/AndroidManifest.xml:57:13-36
80        <activity
80-->src/main/AndroidManifest.xml:59:9-61:39
81            android:name="com.example.group8_bartertrader.ResetPasswordActivity"
81-->src/main/AndroidManifest.xml:60:13-50
82            android:exported="true" />
82-->src/main/AndroidManifest.xml:61:13-36
83        <activity
83-->src/main/AndroidManifest.xml:63:9-65:39
84            android:name="com.example.group8_bartertrader.ResetPasswordFormActivity"
84-->src/main/AndroidManifest.xml:64:13-54
85            android:exported="true" />
85-->src/main/AndroidManifest.xml:65:13-36
86
87        <!-- Google Maps API Key -->
88        <meta-data
89            android:name="com.google.android.geo.API_KEY"
89-->src/main/AndroidManifest.xml:69:13-58
90            android:value="&apos;AIzaSyCpYrT1a38sJJwtQQUMaJjVT3So-Wtbub8&apos;" />
90-->src/main/AndroidManifest.xml:70:13-40
91
92        <activity
92-->[com.google.firebase:firebase-auth:23.1.0] AndroidManifest.xml:29:9-46:20
93            android:name="com.google.firebase.auth.internal.GenericIdpActivity"
93-->[com.google.firebase:firebase-auth:23.1.0] AndroidManifest.xml:30:13-80
94            android:excludeFromRecents="true"
94-->[com.google.firebase:firebase-auth:23.1.0] AndroidManifest.xml:31:13-46
95            android:exported="true"
95-->[com.google.firebase:firebase-auth:23.1.0] AndroidManifest.xml:32:13-36
96            android:launchMode="singleTask"
96-->[com.google.firebase:firebase-auth:23.1.0] AndroidManifest.xml:33:13-44
97            android:theme="@android:style/Theme.Translucent.NoTitleBar" >
97-->[com.google.firebase:firebase-auth:23.1.0] AndroidManifest.xml:34:13-72
98            <intent-filter>
98-->[com.google.firebase:firebase-auth:23.1.0] AndroidManifest.xml:35:13-45:29
99                <action android:name="android.intent.action.VIEW" />
99-->[com.google.firebase:firebase-auth:23.1.0] AndroidManifest.xml:36:17-69
99-->[com.google.firebase:firebase-auth:23.1.0] AndroidManifest.xml:36:25-66
100
101                <category android:name="android.intent.category.DEFAULT" />
101-->[com.google.firebase:firebase-auth:23.1.0] AndroidManifest.xml:38:17-76
101-->[com.google.firebase:firebase-auth:23.1.0] AndroidManifest.xml:38:27-73
102                <category android:name="android.intent.category.BROWSABLE" />
102-->[com.google.firebase:firebase-auth:23.1.0] AndroidManifest.xml:39:17-78
102-->[com.google.firebase:firebase-auth:23.1.0] AndroidManifest.xml:39:27-75
103
104                <data
104-->[com.google.firebase:firebase-auth:23.1.0] AndroidManifest.xml:41:17-44:51
105                    android:host="firebase.auth"
105-->[com.google.firebase:firebase-auth:23.1.0] AndroidManifest.xml:42:21-49
106                    android:path="/"
106-->[com.google.firebase:firebase-auth:23.1.0] AndroidManifest.xml:43:21-37
107                    android:scheme="genericidp" />
107-->[com.google.firebase:firebase-auth:23.1.0] AndroidManifest.xml:44:21-48
108            </intent-filter>
109        </activity>
110        <activity
110-->[com.google.firebase:firebase-auth:23.1.0] AndroidManifest.xml:47:9-64:20
111            android:name="com.google.firebase.auth.internal.RecaptchaActivity"
111-->[com.google.firebase:firebase-auth:23.1.0] AndroidManifest.xml:48:13-79
112            android:excludeFromRecents="true"
112-->[com.google.firebase:firebase-auth:23.1.0] AndroidManifest.xml:49:13-46
113            android:exported="true"
113-->[com.google.firebase:firebase-auth:23.1.0] AndroidManifest.xml:50:13-36
114            android:launchMode="singleTask"
114-->[com.google.firebase:firebase-auth:23.1.0] AndroidManifest.xml:51:13-44
115            android:theme="@android:style/Theme.Translucent.NoTitleBar" >
115-->[com.google.firebase:firebase-auth:23.1.0] AndroidManifest.xml:52:13-72
116            <intent-filter>
116-->[com.google.firebase:firebase-auth:23.1.0] AndroidManifest.xml:53:13-63:29
117                <action android:name="android.intent.action.VIEW" />
117-->[com.google.firebase:firebase-auth:23.1.0] AndroidManifest.xml:36:17-69
117-->[com.google.firebase:firebase-auth:23.1.0] AndroidManifest.xml:36:25-66
118
119                <category android:name="android.intent.category.DEFAULT" />
119-->[com.google.firebase:firebase-auth:23.1.0] AndroidManifest.xml:38:17-76
119-->[com.google.firebase:firebase-auth:23.1.0] AndroidManifest.xml:38:27-73
120                <category android:name="android.intent.category.BROWSABLE" />
120-->[com.google.firebase:firebase-auth:23.1.0] AndroidManifest.xml:39:17-78
120-->[com.google.firebase:firebase-auth:23.1.0] AndroidManifest.xml:39:27-75
121
122                <data
122-->[com.google.firebase:firebase-auth:23.1.0] AndroidManifest.xml:41:17-44:51
123                    android:host="firebase.auth"
123-->[com.google.firebase:firebase-auth:23.1.0] AndroidManifest.xml:42:21-49
124                    android:path="/"
124-->[com.google.firebase:firebase-auth:23.1.0] AndroidManifest.xml:43:21-37
125                    android:scheme="recaptcha" />
125-->[com.google.firebase:firebase-auth:23.1.0] AndroidManifest.xml:44:21-48
126            </intent-filter>
127        </activity>
128
129        <service
129-->[com.google.firebase:firebase-auth:23.1.0] AndroidManifest.xml:66:9-72:19
130            android:name="com.google.firebase.components.ComponentDiscoveryService"
130-->[com.google.firebase:firebase-auth:23.1.0] AndroidManifest.xml:67:13-84
131            android:directBootAware="true"
131-->[com.google.firebase:firebase-common:21.0.0] AndroidManifest.xml:32:13-43
132            android:exported="false" >
132-->[com.google.firebase:firebase-auth:23.1.0] AndroidManifest.xml:68:13-37
133            <meta-data
133-->[com.google.firebase:firebase-auth:23.1.0] AndroidManifest.xml:69:13-71:85
134                android:name="com.google.firebase.components:com.google.firebase.auth.FirebaseAuthRegistrar"
134-->[com.google.firebase:firebase-auth:23.1.0] AndroidManifest.xml:70:17-109
135                android:value="com.google.firebase.components.ComponentRegistrar" />
135-->[com.google.firebase:firebase-auth:23.1.0] AndroidManifest.xml:71:17-82
136            <meta-data
136-->[com.google.firebase:firebase-database:21.0.0] AndroidManifest.xml:29:13-31:85
137                android:name="com.google.firebase.components:com.google.firebase.database.FirebaseDatabaseKtxRegistrar"
137-->[com.google.firebase:firebase-database:21.0.0] AndroidManifest.xml:30:17-120
138                android:value="com.google.firebase.components.ComponentRegistrar" />
138-->[com.google.firebase:firebase-database:21.0.0] AndroidManifest.xml:31:17-82
139            <meta-data
139-->[com.google.firebase:firebase-database:21.0.0] AndroidManifest.xml:32:13-34:85
140                android:name="com.google.firebase.components:com.google.firebase.database.DatabaseRegistrar"
140-->[com.google.firebase:firebase-database:21.0.0] AndroidManifest.xml:33:17-109
141                android:value="com.google.firebase.components.ComponentRegistrar" />
141-->[com.google.firebase:firebase-database:21.0.0] AndroidManifest.xml:34:17-82
142            <meta-data
142-->[com.google.firebase:firebase-firestore:25.1.1] AndroidManifest.xml:17:13-19:85
143                android:name="com.google.firebase.components:com.google.firebase.firestore.FirebaseFirestoreKtxRegistrar"
143-->[com.google.firebase:firebase-firestore:25.1.1] AndroidManifest.xml:18:17-122
144                android:value="com.google.firebase.components.ComponentRegistrar" />
144-->[com.google.firebase:firebase-firestore:25.1.1] AndroidManifest.xml:19:17-82
145            <meta-data
145-->[com.google.firebase:firebase-firestore:25.1.1] AndroidManifest.xml:20:13-22:85
146                android:name="com.google.firebase.components:com.google.firebase.firestore.FirestoreRegistrar"
146-->[com.google.firebase:firebase-firestore:25.1.1] AndroidManifest.xml:21:17-111
147                android:value="com.google.firebase.components.ComponentRegistrar" />
147-->[com.google.firebase:firebase-firestore:25.1.1] AndroidManifest.xml:22:17-82
148            <meta-data
148-->[com.google.android.gms:play-services-measurement-api:22.2.0] AndroidManifest.xml:33:13-35:85
149                android:name="com.google.firebase.components:com.google.firebase.analytics.connector.internal.AnalyticsConnectorRegistrar"
149-->[com.google.android.gms:play-services-measurement-api:22.2.0] AndroidManifest.xml:34:17-139
150                android:value="com.google.firebase.components.ComponentRegistrar" />
150-->[com.google.android.gms:play-services-measurement-api:22.2.0] AndroidManifest.xml:35:17-82
151            <meta-data
151-->[com.google.firebase:firebase-installations:18.0.0] AndroidManifest.xml:15:13-17:85
152                android:name="com.google.firebase.components:com.google.firebase.installations.FirebaseInstallationsKtxRegistrar"
152-->[com.google.firebase:firebase-installations:18.0.0] AndroidManifest.xml:16:17-130
153                android:value="com.google.firebase.components.ComponentRegistrar" />
153-->[com.google.firebase:firebase-installations:18.0.0] AndroidManifest.xml:17:17-82
154            <meta-data
154-->[com.google.firebase:firebase-installations:18.0.0] AndroidManifest.xml:18:13-20:85
155                android:name="com.google.firebase.components:com.google.firebase.installations.FirebaseInstallationsRegistrar"
155-->[com.google.firebase:firebase-installations:18.0.0] AndroidManifest.xml:19:17-127
156                android:value="com.google.firebase.components.ComponentRegistrar" />
156-->[com.google.firebase:firebase-installations:18.0.0] AndroidManifest.xml:20:17-82
157            <meta-data
157-->[com.google.firebase:firebase-common-ktx:21.0.0] AndroidManifest.xml:12:13-14:85
158                android:name="com.google.firebase.components:com.google.firebase.ktx.FirebaseCommonLegacyRegistrar"
158-->[com.google.firebase:firebase-common-ktx:21.0.0] AndroidManifest.xml:13:17-116
159                android:value="com.google.firebase.components.ComponentRegistrar" />
159-->[com.google.firebase:firebase-common-ktx:21.0.0] AndroidManifest.xml:14:17-82
160            <meta-data
160-->[com.google.firebase:firebase-common:21.0.0] AndroidManifest.xml:35:13-37:85
161                android:name="com.google.firebase.components:com.google.firebase.FirebaseCommonKtxRegistrar"
161-->[com.google.firebase:firebase-common:21.0.0] AndroidManifest.xml:36:17-109
162                android:value="com.google.firebase.components.ComponentRegistrar" />
162-->[com.google.firebase:firebase-common:21.0.0] AndroidManifest.xml:37:17-82
163        </service>
164        <service
164-->[androidx.credentials:credentials-play-services-auth:1.2.0-rc01] AndroidManifest.xml:24:9-32:19
165            android:name="androidx.credentials.playservices.CredentialProviderMetadataHolder"
165-->[androidx.credentials:credentials-play-services-auth:1.2.0-rc01] AndroidManifest.xml:25:13-94
166            android:enabled="true"
166-->[androidx.credentials:credentials-play-services-auth:1.2.0-rc01] AndroidManifest.xml:26:13-35
167            android:exported="false" >
167-->[androidx.credentials:credentials-play-services-auth:1.2.0-rc01] AndroidManifest.xml:27:13-37
168            <meta-data
168-->[androidx.credentials:credentials-play-services-auth:1.2.0-rc01] AndroidManifest.xml:29:13-31:104
169                android:name="androidx.credentials.CREDENTIAL_PROVIDER_KEY"
169-->[androidx.credentials:credentials-play-services-auth:1.2.0-rc01] AndroidManifest.xml:30:17-76
170                android:value="androidx.credentials.playservices.CredentialProviderPlayServicesImpl" />
170-->[androidx.credentials:credentials-play-services-auth:1.2.0-rc01] AndroidManifest.xml:31:17-101
171        </service>
172
173        <activity
173-->[androidx.credentials:credentials-play-services-auth:1.2.0-rc01] AndroidManifest.xml:34:9-41:20
174            android:name="androidx.credentials.playservices.HiddenActivity"
174-->[androidx.credentials:credentials-play-services-auth:1.2.0-rc01] AndroidManifest.xml:35:13-76
175            android:configChanges="orientation|screenSize|screenLayout|keyboardHidden"
175-->[androidx.credentials:credentials-play-services-auth:1.2.0-rc01] AndroidManifest.xml:36:13-87
176            android:enabled="true"
176-->[androidx.credentials:credentials-play-services-auth:1.2.0-rc01] AndroidManifest.xml:37:13-35
177            android:exported="false"
177-->[androidx.credentials:credentials-play-services-auth:1.2.0-rc01] AndroidManifest.xml:38:13-37
178            android:fitsSystemWindows="true"
178-->[androidx.credentials:credentials-play-services-auth:1.2.0-rc01] AndroidManifest.xml:39:13-45
179            android:theme="@style/Theme.Hidden" >
179-->[androidx.credentials:credentials-play-services-auth:1.2.0-rc01] AndroidManifest.xml:40:13-48
180        </activity>
181        <activity
181-->[com.google.android.gms:play-services-auth:20.7.0] AndroidManifest.xml:23:9-27:75
182            android:name="com.google.android.gms.auth.api.signin.internal.SignInHubActivity"
182-->[com.google.android.gms:play-services-auth:20.7.0] AndroidManifest.xml:24:13-93
183            android:excludeFromRecents="true"
183-->[com.google.android.gms:play-services-auth:20.7.0] AndroidManifest.xml:25:13-46
184            android:exported="false"
184-->[com.google.android.gms:play-services-auth:20.7.0] AndroidManifest.xml:26:13-37
185            android:theme="@android:style/Theme.Translucent.NoTitleBar" />
185-->[com.google.android.gms:play-services-auth:20.7.0] AndroidManifest.xml:27:13-72
186        <!--
187            Service handling Google Sign-In user revocation. For apps that do not integrate with
188            Google Sign-In, this service will never be started.
189        -->
190        <service
190-->[com.google.android.gms:play-services-auth:20.7.0] AndroidManifest.xml:33:9-37:51
191            android:name="com.google.android.gms.auth.api.signin.RevocationBoundService"
191-->[com.google.android.gms:play-services-auth:20.7.0] AndroidManifest.xml:34:13-89
192            android:exported="true"
192-->[com.google.android.gms:play-services-auth:20.7.0] AndroidManifest.xml:35:13-36
193            android:permission="com.google.android.gms.auth.api.signin.permission.REVOCATION_NOTIFICATION"
193-->[com.google.android.gms:play-services-auth:20.7.0] AndroidManifest.xml:36:13-107
194            android:visibleToInstantApps="true" />
194-->[com.google.android.gms:play-services-auth:20.7.0] AndroidManifest.xml:37:13-48
195
196        <provider
196-->[com.google.firebase:firebase-common:21.0.0] AndroidManifest.xml:23:9-28:39
197            android:name="com.google.firebase.provider.FirebaseInitProvider"
197-->[com.google.firebase:firebase-common:21.0.0] AndroidManifest.xml:24:13-77
198            android:authorities="com.example.group8_bartertrader.firebaseinitprovider"
198-->[com.google.firebase:firebase-common:21.0.0] AndroidManifest.xml:25:13-72
199            android:directBootAware="true"
199-->[com.google.firebase:firebase-common:21.0.0] AndroidManifest.xml:26:13-43
200            android:exported="false"
200-->[com.google.firebase:firebase-common:21.0.0] AndroidManifest.xml:27:13-37
201            android:initOrder="100" />
201-->[com.google.firebase:firebase-common:21.0.0] AndroidManifest.xml:28:13-36
202
203        <activity
203-->[androidx.test:core:1.6.1] AndroidManifest.xml:27:9-34:20
204            android:name="androidx.test.core.app.InstrumentationActivityInvoker$BootstrapActivity"
204-->[androidx.test:core:1.6.1] AndroidManifest.xml:28:13-99
205            android:exported="true"
205-->[androidx.test:core:1.6.1] AndroidManifest.xml:29:13-36
206            android:theme="@style/WhiteBackgroundTheme" >
206-->[androidx.test:core:1.6.1] AndroidManifest.xml:30:13-56
207            <intent-filter android:priority="-100" >
207-->[androidx.test:core:1.6.1] AndroidManifest.xml:31:13-33:29
207-->[androidx.test:core:1.6.1] AndroidManifest.xml:31:28-51
208                <category android:name="android.intent.category.LAUNCHER" />
208-->src/main/AndroidManifest.xml:47:17-77
208-->src/main/AndroidManifest.xml:47:27-74
209            </intent-filter>
210        </activity>
211        <activity
211-->[androidx.test:core:1.6.1] AndroidManifest.xml:35:9-42:20
212            android:name="androidx.test.core.app.InstrumentationActivityInvoker$EmptyActivity"
212-->[androidx.test:core:1.6.1] AndroidManifest.xml:36:13-95
213            android:exported="true"
213-->[androidx.test:core:1.6.1] AndroidManifest.xml:37:13-36
214            android:theme="@style/WhiteBackgroundTheme" >
214-->[androidx.test:core:1.6.1] AndroidManifest.xml:38:13-56
215            <intent-filter android:priority="-100" >
215-->[androidx.test:core:1.6.1] AndroidManifest.xml:31:13-33:29
215-->[androidx.test:core:1.6.1] AndroidManifest.xml:31:28-51
216                <category android:name="android.intent.category.LAUNCHER" />
216-->src/main/AndroidManifest.xml:47:17-77
216-->src/main/AndroidManifest.xml:47:27-74
217            </intent-filter>
218        </activity>
219        <activity
219-->[androidx.test:core:1.6.1] AndroidManifest.xml:43:9-50:20
220            android:name="androidx.test.core.app.InstrumentationActivityInvoker$EmptyFloatingActivity"
220-->[androidx.test:core:1.6.1] AndroidManifest.xml:44:13-103
221            android:exported="true"
221-->[androidx.test:core:1.6.1] AndroidManifest.xml:45:13-36
222            android:theme="@style/WhiteBackgroundDialogTheme" >
222-->[androidx.test:core:1.6.1] AndroidManifest.xml:46:13-62
223            <intent-filter android:priority="-100" >
223-->[androidx.test:core:1.6.1] AndroidManifest.xml:31:13-33:29
223-->[androidx.test:core:1.6.1] AndroidManifest.xml:31:28-51
224                <category android:name="android.intent.category.LAUNCHER" />
224-->src/main/AndroidManifest.xml:47:17-77
224-->src/main/AndroidManifest.xml:47:27-74
225            </intent-filter>
226        </activity>
227
228        <receiver
228-->[com.google.android.gms:play-services-measurement:22.2.0] AndroidManifest.xml:29:9-33:20
229            android:name="com.google.android.gms.measurement.AppMeasurementReceiver"
229-->[com.google.android.gms:play-services-measurement:22.2.0] AndroidManifest.xml:30:13-85
230            android:enabled="true"
230-->[com.google.android.gms:play-services-measurement:22.2.0] AndroidManifest.xml:31:13-35
231            android:exported="false" >
231-->[com.google.android.gms:play-services-measurement:22.2.0] AndroidManifest.xml:32:13-37
232        </receiver>
233
234        <service
234-->[com.google.android.gms:play-services-measurement:22.2.0] AndroidManifest.xml:35:9-38:40
235            android:name="com.google.android.gms.measurement.AppMeasurementService"
235-->[com.google.android.gms:play-services-measurement:22.2.0] AndroidManifest.xml:36:13-84
236            android:enabled="true"
236-->[com.google.android.gms:play-services-measurement:22.2.0] AndroidManifest.xml:37:13-35
237            android:exported="false" />
237-->[com.google.android.gms:play-services-measurement:22.2.0] AndroidManifest.xml:38:13-37
238        <service
238-->[com.google.android.gms:play-services-measurement:22.2.0] AndroidManifest.xml:39:9-43:72
239            android:name="com.google.android.gms.measurement.AppMeasurementJobService"
239-->[com.google.android.gms:play-services-measurement:22.2.0] AndroidManifest.xml:40:13-87
240            android:enabled="true"
240-->[com.google.android.gms:play-services-measurement:22.2.0] AndroidManifest.xml:41:13-35
241            android:exported="false"
241-->[com.google.android.gms:play-services-measurement:22.2.0] AndroidManifest.xml:42:13-37
242            android:permission="android.permission.BIND_JOB_SERVICE" />
242-->[com.google.android.gms:play-services-measurement:22.2.0] AndroidManifest.xml:43:13-69
243
244        <uses-library
244-->[androidx.privacysandbox.ads:ads-adservices:1.0.0-beta05] AndroidManifest.xml:23:9-25:40
245            android:name="android.ext.adservices"
245-->[androidx.privacysandbox.ads:ads-adservices:1.0.0-beta05] AndroidManifest.xml:24:13-50
246            android:required="false" />
246-->[androidx.privacysandbox.ads:ads-adservices:1.0.0-beta05] AndroidManifest.xml:25:13-37
247
248        <provider
248-->[androidx.emoji2:emoji2:1.3.0] AndroidManifest.xml:24:9-32:20
249            android:name="androidx.startup.InitializationProvider"
249-->[androidx.emoji2:emoji2:1.3.0] AndroidManifest.xml:25:13-67
250            android:authorities="com.example.group8_bartertrader.androidx-startup"
250-->[androidx.emoji2:emoji2:1.3.0] AndroidManifest.xml:26:13-68
251            android:exported="false" >
251-->[androidx.emoji2:emoji2:1.3.0] AndroidManifest.xml:27:13-37
252            <meta-data
252-->[androidx.emoji2:emoji2:1.3.0] AndroidManifest.xml:29:13-31:52
253                android:name="androidx.emoji2.text.EmojiCompatInitializer"
253-->[androidx.emoji2:emoji2:1.3.0] AndroidManifest.xml:30:17-75
254                android:value="androidx.startup" />
254-->[androidx.emoji2:emoji2:1.3.0] AndroidManifest.xml:31:17-49
255            <meta-data
255-->[androidx.lifecycle:lifecycle-process:2.6.2] AndroidManifest.xml:29:13-31:52
256                android:name="androidx.lifecycle.ProcessLifecycleInitializer"
256-->[androidx.lifecycle:lifecycle-process:2.6.2] AndroidManifest.xml:30:17-78
257                android:value="androidx.startup" />
257-->[androidx.lifecycle:lifecycle-process:2.6.2] AndroidManifest.xml:31:17-49
258            <meta-data
258-->[androidx.profileinstaller:profileinstaller:1.4.0] AndroidManifest.xml:29:13-31:52
259                android:name="androidx.profileinstaller.ProfileInstallerInitializer"
259-->[androidx.profileinstaller:profileinstaller:1.4.0] AndroidManifest.xml:30:17-85
260                android:value="androidx.startup" />
260-->[androidx.profileinstaller:profileinstaller:1.4.0] AndroidManifest.xml:31:17-49
261        </provider>
262
263        <activity
263-->[com.google.android.gms:play-services-base:18.5.0] AndroidManifest.xml:5:9-173
264            android:name="com.google.android.gms.common.api.GoogleApiActivity"